<?xml version="1.0" encoding="UTF-8"?>
<!-- Generated by org.testng.reporters.JUnitXMLReporter -->
<testsuite hostname="Adithya" name="Test" tests="3" failures="0" timestamp="18 Sep 2018 17:59:33 GMT" time="63.791" errors="0">
  <testcase name="basePageNavigation" time="25.359" classname="automationFramework.HomePage"/>
  <testcase name="basePageNavigation" time="12.501" classname="automationFramework.HomePage"/>
  <testcase name="basePageNavigation" time="0.297" classname="automationFramework.TitlePage"/>
</testsuite> <!-- Test -->
