<?xml version="1.0" encoding="UTF-8"?>
<!-- Generated by org.testng.reporters.JUnitXMLReporter -->
<testsuite hostname="Adithya" name="Validating the Users and Login" tests="2" failures="0" timestamp="20 Sep 2018 08:50:10 GMT" time="69.218" errors="0">
  <testcase name="basePageNavigation" time="36.956" classname="automationFramework.HomePage"/>
  <testcase name="basePageNavigation" time="15.518" classname="automationFramework.HomePage"/>
</testsuite> <!-- Validating the Users and Login -->
