<?xml version="1.0" encoding="UTF-8"?>
<!-- Generated by org.testng.reporters.JUnitXMLReporter -->
<testsuite hostname="Adithya" name="Validating the Navigation Bar and Title" tests="1" failures="1" timestamp="20 Sep 2018 08:50:27 GMT" time="17.034" errors="0">
  <testcase name="basePageNavigation" time="0.133" classname="automationFramework.TitlePage">
    <failure type="java.lang.AssertionError" message="expected [FEATURED COURSEs] but found [FEATURED COURSES]">
      <![CDATA[java.lang.AssertionError: expected [FEATURED COURSEs] but found [FEATURED COURSES]
	at automationFramework.TitlePage.basePageNavigation(TitlePage.java:37)
... Removed 29 stack frames]]>
    </failure>
  </testcase> <!-- basePageNavigation -->
</testsuite> <!-- Validating the Navigation Bar and Title -->
